<?xml version="1.0" encoding="UTF-8"?>
<testsuite name="junit.firstjunit" tests="2" skipped="0" failures="0" errors="0" timestamp="2025-04-14T09:39:49" hostname="ZHENYA" time="0.024">
  <properties/>
  <testcase name="firstTest()" classname="junit.firstjunit" time="0.021"/>
  <testcase name="secondTest()" classname="junit.firstjunit" time="0.002"/>
  <system-out><![CDATA[Это метод @BeforeAll!
           Это метод @BeforeEach!
               FirstTest()
               Это метод @AfterEach!!
           Это метод @BeforeEach!
               SecondTest()
               Это метод @AfterEach!!
Это метод @AFterAll!
]]></system-out>
  <system-err><![CDATA[]]></system-err>
</testsuite>
